{"level":"info","message":"Server running on port 3002","service":"auth-service"}
{"level":"info","message":"Server running on port 3002","service":"auth-service"}
{"level":"info","message":"Server running on port 3002","service":"auth-service"}
{"level":"info","message":"Server running on port 3002","service":"auth-service"}
{"level":"info","message":"Server running on port 3002","service":"auth-service"}
{"level":"info","message":"Server running on port 3002","service":"auth-service"}
{"level":"info","message":"Server running on port 3002","service":"auth-service"}
{"level":"info","message":"Server running on port 3002","service":"auth-service"}
{"level":"info","message":"Server running on port 3002","service":"auth-service"}
{"level":"info","message":"Server running on port 3002","service":"auth-service"}
{"level":"info","message":"Server running on port 3002","service":"auth-service"}
{"level":"info","message":"/--GET","service":"auth-service"}
{"level":"info","message":"Server running on port 3002","service":"auth-service"}
{"level":"info","message":"/      --GET","service":"auth-service"}
{"level":"info","message":"Server running on port 3002","service":"auth-service"}
{"level":"info","message":"/      --GET","service":"auth-service"}
{"level":"info","message":"Server running on port 3002","service":"auth-service"}
{"level":"info","message":"/      --GET","service":"auth-service"}
{"level":"info","message":"Server running on port 3002","service":"auth-service"}
{"level":"info","message":"Server running on port 3002","service":"auth-service"}
{"level":"info","message":"/      --GET","service":"auth-service"}
{"level":"info","message":"Server running on port 3002","service":"auth-service"}
{"level":"info","message":"/      --GET","service":"auth-service"}
{"level":"info","message":"Server running on port 3002","service":"auth-service"}
{"level":"info","message":"Server running on port 3002","service":"auth-service"}
{"level":"info","message":"Server running on port 3002","service":"auth-service"}
{"level":"info","message":"/      --GET","service":"auth-service"}
{"level":"info","message":"Server running on port 3002","service":"auth-service"}
{"level":"info","message":"Server running on port 3002","service":"auth-service"}
{"level":"info","message":"Server running on port 3002","service":"auth-service"}
{"level":"info","message":"/      --GET","service":"auth-service"}
{"level":"info","message":"Server running on port 3002","service":"auth-service"}
{"level":"info","message":"/      --GET","service":"auth-service"}
{"level":"info","message":"Server running on port 3002","service":"auth-service"}
{"level":"info","message":"Server running on port 3002","service":"auth-service"}
{"level":"info","message":"Server running on port 3002","service":"auth-service"}
{"level":"info","message":"/      --GET","service":"auth-service"}
{"level":"info","message":"Server running on port 3002","service":"auth-service"}
{"level":"info","message":"Server running on port 3002","service":"auth-service"}
{"level":"info","message":"Server running on port 3002","service":"auth-service"}
{"level":"info","message":"Server running on port 3002","service":"auth-service"}
{"level":"info","message":"Server running on port 3002","service":"auth-service"}
{"level":"info","message":"Server running on port 3002","service":"auth-service"}
{"level":"info","message":"Server running on port 3002","service":"auth-service"}
{"level":"info","message":"Server running on port 3002","service":"auth-service"}
{"level":"info","message":"Server running on port 3002","service":"auth-service"}
{"level":"info","message":"Server running on port 3002","service":"auth-service"}
{"level":"info","message":"Server running on port 3002","service":"auth-service"}
{"level":"info","message":"Server running on port 3002","service":"auth-service"}
{"level":"info","message":"Server running on port 3002","service":"auth-service"}
{"level":"info","message":"Server running on port 3002","service":"auth-service"}
{"level":"info","message":"Server running on port 3002","service":"auth-service"}
{"level":"info","message":"Server running on port 3002","service":"auth-service"}
{"level":"info","message":"/      --GET","service":"auth-service"}
{"level":"info","message":"Server running on port 3002","service":"auth-service"}
{"level":"info","message":"Server running on port 3002","service":"auth-service"}
{"level":"info","message":"Server running on port 3002","service":"auth-service"}
{"level":"info","message":"Server running on port 3002","service":"auth-service"}
{"level":"info","message":"Server running on port 3002","service":"auth-service"}
{"level":"info","message":"Server running on port 3002","service":"auth-service"}
{"level":"info","message":"Server running on port 3002","service":"auth-service"}
{"level":"info","message":"Server running on port 3002","service":"auth-service"}
{"level":"info","message":"Server running on port 3002","service":"auth-service"}
{"level":"info","message":"Server running on port 3002","service":"auth-service"}
{"level":"info","message":"Server running on port 3002","service":"auth-service"}
{"level":"info","message":"Server running on port 3002","service":"auth-service"}
{"level":"info","message":"Server running on port 3002","service":"auth-service"}
{"level":"info","message":"Server running on port 3002","service":"auth-service"}
{"level":"info","message":"Server running on port 3002","service":"auth-service"}
{"level":"info","message":"Server running on port 3002","service":"auth-service"}
{"level":"info","message":"Server running on port 3002","service":"auth-service"}
{"level":"info","message":"Server running on port 3002","service":"auth-service"}
{"level":"info","message":"Server running on port 3002","service":"auth-service"}
{"level":"info","message":"Server running on port 3002","service":"auth-service"}
{"level":"info","message":"Server running on port 3002","service":"auth-service"}
{"level":"info","message":"Server running on port 3002","service":"auth-service"}
{"level":"info","message":"Server running on port 3002","service":"auth-service"}
{"level":"info","message":"Server running on port 3002","service":"auth-service"}
{"level":"info","message":"Server running on port 3002","service":"auth-service"}
{"level":"info","message":"Server running on port 3002","service":"auth-service"}
{"level":"info","message":"Server running on port 3002","service":"auth-service"}
{"level":"info","message":"Server running on port 3002","service":"auth-service"}
{"level":"info","message":"Server running on port 3002","service":"auth-service"}
{"level":"info","message":"Server running on port 3002","service":"auth-service"}
{"level":"info","message":"Server running on port 3002","service":"auth-service"}
{"level":"info","message":"Server running on port 3002","service":"auth-service"}
{"level":"info","message":"Server running on port 3002","service":"auth-service"}
{"level":"info","message":"Server running on port 3002","service":"auth-service"}
{"level":"info","message":"Server running on port 3002","service":"auth-service"}
{"level":"info","message":"Server running on port 3002","service":"auth-service"}
{"level":"info","message":"Server running on port 3002","service":"auth-service"}
{"level":"info","message":"Server running on port 3002","service":"auth-service"}
{"level":"info","message":"Server running on port 3002","service":"auth-service"}
{"level":"info","message":"Server running on port 3002","service":"auth-service"}
{"level":"info","message":"Server running on port 3002","service":"auth-service"}
{"level":"info","message":"Server running on port 3002","service":"auth-service"}
{"level":"info","message":"Server running on port 3002","service":"auth-service"}
{"level":"info","message":"Server running on port 3002","service":"auth-service"}
{"level":"info","message":"Server running on port 3002","service":"auth-service"}
{"level":"info","message":"Server running on port 3002","service":"auth-service"}
{"level":"info","message":"Server running on port 3002","service":"auth-service"}
{"level":"info","message":"Server running on port 3002","service":"auth-service"}
{"level":"info","message":"Server running on port 3002","service":"auth-service"}
{"level":"info","message":"Server running on port 3002","service":"auth-service"}
{"level":"info","message":"Server running on port 3002","service":"auth-service"}
{"level":"info","message":"Server running on port 3002","service":"auth-service"}
{"level":"info","message":"Server running on port 3002","service":"auth-service"}
{"level":"info","message":"Server running on port 3002","service":"auth-service"}
{"level":"info","message":"Server running on port 3002","service":"auth-service"}
{"level":"info","message":"Server running on port 3002","service":"auth-service"}
{"level":"info","message":"Server running on port 3002","service":"auth-service"}
{"level":"info","message":"Server running on port 3002","service":"auth-service"}
{"level":"info","message":"Server running on port 3002","service":"auth-service"}
{"level":"info","message":"Server running on port 3002","service":"auth-service"}
{"level":"info","message":"Server running on port 3002","service":"auth-service"}
{"level":"info","message":"Server running on port 3002","service":"auth-service"}
{"level":"info","message":"Server running on port 3002","service":"auth-service"}
{"level":"info","message":"Server running on port 3002","service":"auth-service"}
{"level":"info","message":"Server running on port 3002","service":"auth-service"}
{"level":"info","message":"Server running on port 3002","service":"auth-service"}
{"level":"info","message":"Server running on port 3002","service":"auth-service"}
{"level":"info","message":"Server running on port 3002","service":"auth-service"}
{"level":"info","message":"Server running on port 3002","service":"auth-service"}
{"level":"info","message":"Server running on port 3002","service":"auth-service"}
{"level":"info","message":"Server running on port 3002","service":"auth-service"}
{"level":"info","message":"Server running on port 3002","service":"auth-service"}
{"level":"info","message":"Server running on port 3002","service":"auth-service"}
{"level":"info","message":"Server running on port 3002","service":"auth-service"}
{"level":"info","message":"Server running on port 3002","service":"auth-service"}
{"level":"info","message":"Server running on port 3002","service":"auth-service"}
{"level":"info","message":"Server running on port 3002","service":"auth-service"}
{"level":"info","message":"Server running on port 3002","service":"auth-service"}
{"level":"info","message":"Server running on port 3002","service":"auth-service"}
{"level":"info","message":"Server running on port 3002","service":"auth-service"}
{"level":"info","message":"Server running on port 3002","service":"auth-service"}
{"level":"info","message":"Server running on port 3002","service":"auth-service"}
{"level":"info","message":"Server running on port 3002","service":"auth-service"}
{"level":"info","message":"Server running on port 3002","service":"auth-service"}
{"level":"info","message":"Server running on port 3002","service":"auth-service"}
{"level":"info","message":"Server running on port 3002","service":"auth-service"}
{"level":"info","message":"Server running on port 3002","service":"auth-service"}
{"level":"info","message":"Server running on port 3002","service":"auth-service"}
{"level":"info","message":"Server running on port 3002","service":"auth-service"}
{"level":"info","message":"Server running on port 3002","service":"auth-service"}
{"level":"info","message":"Server running on port 3002","service":"auth-service"}
{"level":"info","message":"Server running on port 3002","service":"auth-service"}
{"level":"info","message":"Server running on port 3002","service":"auth-service"}
{"level":"info","message":"Server running on port 3002","service":"auth-service"}
{"level":"info","message":"Server running on port 3002","service":"auth-service"}
{"level":"info","message":"Server running on port 3002","service":"auth-service"}
{"level":"info","message":"Server running on port 3002","service":"auth-service"}
{"level":"info","message":"Server running on port 3002","service":"auth-service"}
{"level":"info","message":"Server running on port 3002","service":"auth-service"}
{"level":"info","message":"Server running on port 3002","service":"auth-service"}
{"level":"info","message":"Server running on port 3002","service":"auth-service"}
{"level":"info","message":"Server running on port 3002","service":"auth-service"}
{"level":"info","message":"Server running on port 3002","service":"auth-service"}
{"level":"info","message":"Server running on port 3002","service":"auth-service"}
{"level":"info","message":"Server running on port 3002","service":"auth-service"}
{"level":"info","message":"Server running on port 3002","service":"auth-service"}
{"level":"info","message":"Server running on port 3002","service":"auth-service"}
{"level":"info","message":"Server running on port 3002","service":"auth-service"}
{"level":"info","message":"Server running on port 3002","service":"auth-service"}
{"level":"info","message":"Server running on port 3002","service":"auth-service"}
{"level":"info","message":"Server running on port 3002","service":"auth-service"}
{"level":"info","message":"Server running on port 3002","service":"auth-service"}
{"level":"info","message":"Server running on port 3002","service":"auth-service"}
{"level":"info","message":"Server running on port 3002","service":"auth-service"}
{"level":"info","message":"Server running on port 3002","service":"auth-service"}
{"level":"info","message":"Server running on port 3002","service":"auth-service"}
{"level":"info","message":"/      --GET","service":"auth-service"}
{"level":"info","message":"Server running on port 3002","service":"auth-service"}
{"level":"info","message":"/      --GET","service":"auth-service"}
{"level":"info","message":"Server running on port 3002","service":"auth-service"}
{"level":"info","message":"Server running on port 3002","service":"auth-service"}
{"level":"info","message":"Server running on port 3002","service":"auth-service"}
{"level":"info","message":"Server running on port 3002","service":"auth-service"}
{"level":"info","message":"/      --GET","service":"auth-service"}
{"level":"info","message":"Server running on port 3002","service":"auth-service"}
{"level":"info","message":"Server running on port 3002","service":"auth-service"}
{"level":"info","message":"Server running on port 3002","service":"auth-service"}
{"level":"info","message":"Server running on port 3002","service":"auth-service"}
{"level":"info","message":"/      --GET","service":"auth-service"}
{"level":"info","message":"/api/auth/oauth/google?code=4%2F0AUJR-x4OX2K6WFTQ2ertie6Osd8QmlNQoDB9PYWWDrVo-68ApSTCX0PlZTp6I3gTCuC1Dw&scope=email+profile+https%3A%2F%2Fwww.googleapis.com%2Fauth%2Fuserinfo.profile+https%3A%2F%2Fwww.googleapis.com%2Fauth%2Fuserinfo.email+openid&authuser=0&prompt=consent      --GET","service":"auth-service"}
{"level":"info","message":"/favicon.ico      --GET","service":"auth-service"}
{"level":"info","message":"/api/auth/oauth/google?code=4%2F0AUJR-x4OX2K6WFTQ2ertie6Osd8QmlNQoDB9PYWWDrVo-68ApSTCX0PlZTp6I3gTCuC1Dw&scope=email+profile+https%3A%2F%2Fwww.googleapis.com%2Fauth%2Fuserinfo.profile+https%3A%2F%2Fwww.googleapis.com%2Fauth%2Fuserinfo.email+openid&authuser=0&prompt=consent      --GET","service":"auth-service"}
{"level":"info","message":"Server running on port 3002","service":"auth-service"}
{"level":"info","message":"Server running on port 3002","service":"auth-service"}
{"level":"info","message":"/      --GET","service":"auth-service"}
{"level":"info","message":"Server running on port 3002","service":"auth-service"}
{"level":"info","message":"/      --GET","service":"auth-service"}
{"level":"info","message":"Server running on port 3002","service":"auth-service"}
{"level":"info","message":"/      --GET","service":"auth-service"}
{"level":"info","message":"/api/auth/oauth/google?code=4%2F0AUJR-x40U74JHbWnhi1FwJotAEYOmvxdfDFhe93RbG441d4dN7ZHta-0aVWnIHA3Tdib2Q&scope=email+profile+https%3A%2F%2Fwww.googleapis.com%2Fauth%2Fuserinfo.profile+https%3A%2F%2Fwww.googleapis.com%2Fauth%2Fuserinfo.email+openid&authuser=0&prompt=consent      --GET","service":"auth-service"}
{"level":"info","message":"Server running on port 3002","service":"auth-service"}
{"level":"info","message":"Server running on port 3002","service":"auth-service"}
{"level":"info","message":"Server running on port 3002","service":"auth-service"}
{"level":"info","message":"Server running on port 3002","service":"auth-service"}
{"level":"info","message":"Server running on port 3002","service":"auth-service"}
{"level":"info","message":"Server running on port 3002","service":"auth-service"}
{"level":"info","message":"/      --GET","service":"auth-service"}
{"level":"info","message":"/api/auth/oauth/google?code=4%2F0AUJR-x5H8itXANz9VdJyRzvXHTHRF4b7WPPJUkmzw8h4_AsX4CoJscNt-jQzUcju8NZD0g&scope=email+profile+https%3A%2F%2Fwww.googleapis.com%2Fauth%2Fuserinfo.profile+https%3A%2F%2Fwww.googleapis.com%2Fauth%2Fuserinfo.email+openid&authuser=0&prompt=consent      --GET","service":"auth-service"}
{"level":"error","message":"oauth google error Cannot read properties of null (reading 'id')","service":"auth-service","stack":"TypeError: Cannot read properties of null (reading 'id')\n    at OAuthCallBack (file:///C:/Users/mubas/Music/ex-drive/backend/auth-serive/src/controllers/user-controllers.js:38:54)\n    at process.processTicksAndRejections (node:internal/process/task_queues:95:5)"}
{"level":"info","message":"Server running on port 3002","service":"auth-service"}
{"level":"info","message":"Server running on port 3002","service":"auth-service"}
{"level":"info","message":"Server running on port 3002","service":"auth-service"}
{"level":"info","message":"/api/auth/oauth/google?code=4%2F0AUJR-x6Jh-QnsObJn0rxj-AUI0hKeQJBu4pX2K6EsGCZHIm6ZetHAJGIrljzlEQ8tjDFIQ&scope=email+profile+https%3A%2F%2Fwww.googleapis.com%2Fauth%2Fuserinfo.profile+https%3A%2F%2Fwww.googleapis.com%2Fauth%2Fuserinfo.email+openid&authuser=0&prompt=consent      --GET","service":"auth-service"}
{"level":"info","message":"Server running on port 3002","service":"auth-service"}
{"level":"info","message":"Server running on port 3002","service":"auth-service"}
{"level":"info","message":"/api/auth/oauth/google?code=4%2F0AUJR-x5OI3Y5z0SvfRCdDkVN5XGI0M-qxnlmhvl6lwFq1D9Zn2eGHB_McwO-uR5M_-EwKw&scope=email+profile+https%3A%2F%2Fwww.googleapis.com%2Fauth%2Fuserinfo.profile+https%3A%2F%2Fwww.googleapis.com%2Fauth%2Fuserinfo.email+openid&authuser=0&prompt=consent      --GET","service":"auth-service"}
{"level":"info","message":"Server running on port 3002","service":"auth-service"}
{"level":"info","message":"Server running on port 3002","service":"auth-service"}
{"level":"info","message":"/api/auth/oauth/google?code=4%2F0AUJR-x7iI290ALozExvLKGZlbKtSlg_A2QXEyfK2OgV2Ezz14Hq6hFm06iRlcccrt9HawQ&scope=email+profile+https%3A%2F%2Fwww.googleapis.com%2Fauth%2Fuserinfo.profile+https%3A%2F%2Fwww.googleapis.com%2Fauth%2Fuserinfo.email+openid&authuser=0&prompt=consent      --GET","service":"auth-service"}
{"level":"info","message":"Server running on port 3002","service":"auth-service"}
{"level":"info","message":"/api/auth/oauth/google?code=4%2F0AUJR-x4sumhr-vuCHahMd-4meTPUpgsu4KZ7Mg7mAFYj5S_et8C367XMwXLlXrvYvrBGog&scope=email+profile+https%3A%2F%2Fwww.googleapis.com%2Fauth%2Fuserinfo.profile+https%3A%2F%2Fwww.googleapis.com%2Fauth%2Fuserinfo.email+openid&authuser=0&prompt=consent      --GET","service":"auth-service"}
{"level":"info","message":"Server running on port 3002","service":"auth-service"}
{"level":"info","message":"/api/auth/oauth/google?code=4%2F0AUJR-x4A9uq_JxU84i3gWA7Ih_rNp6xOt85B7iJmt_jBcNot6ELjGnPzuV05d21LMvWLug&scope=email+profile+https%3A%2F%2Fwww.googleapis.com%2Fauth%2Fuserinfo.profile+https%3A%2F%2Fwww.googleapis.com%2Fauth%2Fuserinfo.email+openid&authuser=0&prompt=consent      --GET","service":"auth-service"}
{"level":"error","message":"oauth google error SASL: SCRAM-SERVER-FIRST-MESSAGE: client password must be a string","service":"auth-service","stack":"Error: SASL: SCRAM-SERVER-FIRST-MESSAGE: client password must be a string\n    at C:\\Users\\mubas\\Music\\ex-drive\\backend\\auth-serive\\node_modules\\pg-pool\\index.js:45:11\n    at process.processTicksAndRejections (node:internal/process/task_queues:95:5)\n    at async CreateOAuthUser (file:///C:/Users/mubas/Music/ex-drive/backend/auth-serive/src/models/user-model.js:16:17)\n    at async OAuthCallBack (file:///C:/Users/mubas/Music/ex-drive/backend/auth-serive/src/controllers/user-controllers.js:31:24)"}
{"level":"info","message":"Server running on port 3002","service":"auth-service"}
{"level":"info","message":"Server running on port 3002","service":"auth-service"}
{"level":"info","message":"Server running on port 3002","service":"auth-service"}
{"level":"info","message":"Server running on port 3002","service":"auth-service"}
{"level":"info","message":"Server running on port 3002","service":"auth-service"}
{"level":"info","message":"/api/auth/oauth/google?code=4%2F0AUJR-x4NqBC6LG1JvDGnq7IPJYIOoIiVWRlR616eYtCvRNwf52EuHKATyv-gMrk0Dsuxqw&scope=email+profile+https%3A%2F%2Fwww.googleapis.com%2Fauth%2Fuserinfo.profile+https%3A%2F%2Fwww.googleapis.com%2Fauth%2Fuserinfo.email+openid&authuser=0&prompt=consent      --GET","service":"auth-service"}
{"code":"42601","file":"analyze.c","length":116,"level":"error","line":"1052","message":"oauth google error INSERT has more target columns than expressions","name":"error","position":"70","routine":"transformInsertRow","service":"auth-service","severity":"ERROR","stack":"error: INSERT has more target columns than expressions\n    at C:\\Users\\mubas\\Music\\ex-drive\\backend\\auth-serive\\node_modules\\pg-pool\\index.js:45:11\n    at process.processTicksAndRejections (node:internal/process/task_queues:95:5)\n    at async CreateOAuthUser (file:///C:/Users/mubas/Music/ex-drive/backend/auth-serive/src/models/user-model.js:16:17)\n    at async OAuthCallBack (file:///C:/Users/mubas/Music/ex-drive/backend/auth-serive/src/controllers/user-controllers.js:31:24)"}
{"level":"info","message":"Server running on port 3002","service":"auth-service"}
{"level":"info","message":"Server running on port 3002","service":"auth-service"}
{"level":"info","message":"/api/auth/oauth/google?code=4%2F0AUJR-x5lSeKheiGGA2R2wDjMmcxcAIXo3aXyMPWjdWPQ9fjsAZHZ68uKWZDiZlVi2PJoQg&scope=email+profile+https%3A%2F%2Fwww.googleapis.com%2Fauth%2Fuserinfo.profile+https%3A%2F%2Fwww.googleapis.com%2Fauth%2Fuserinfo.email+openid&authuser=0&prompt=consent      --GET","service":"auth-service"}
{"code":"42703","detail":"There is a column named \"ip\" in table \"session_token\", but it cannot be referenced from this part of the query.","file":"parse_relation.c","length":215,"level":"error","line":"3709","message":"oauth google error column \"ip\" does not exist","name":"error","position":"67","routine":"errorMissingColumn","service":"auth-service","severity":"ERROR","stack":"error: column \"ip\" does not exist\n    at C:\\Users\\mubas\\Music\\ex-drive\\backend\\auth-serive\\node_modules\\pg-pool\\index.js:45:11\n    at process.processTicksAndRejections (node:internal/process/task_queues:95:5)\n    at async CreatedSessionToken (file:///C:/Users/mubas/Music/ex-drive/backend/auth-serive/src/models/token-model.js:15:20)\n    at async OAuthCallBack (file:///C:/Users/mubas/Music/ex-drive/backend/auth-serive/src/controllers/user-controllers.js:39:23)"}
{"level":"info","message":"Server running on port 3002","service":"auth-service"}
{"level":"info","message":"Server running on port 3002","service":"auth-service"}
{"level":"info","message":"Server running on port 3002","service":"auth-service"}
{"level":"info","message":"/api/auth/oauth/google?code=4%2F0AUJR-x5q4WGZ89ZbKBf3-KbuY1aHOdFC4zFVaQtbYXp_3NJwTVPISLpLUViwunHT0zldOw&scope=email+profile+https%3A%2F%2Fwww.googleapis.com%2Fauth%2Fuserinfo.profile+https%3A%2F%2Fwww.googleapis.com%2Fauth%2Fuserinfo.email+openid&authuser=0&prompt=consent      --GET","service":"auth-service"}
{"code":"42703","detail":"There is a column named \"ip\" in table \"session_token\", but it cannot be referenced from this part of the query.","file":"parse_relation.c","length":215,"level":"error","line":"3709","message":"oauth google error column \"ip\" does not exist","name":"error","position":"66","routine":"errorMissingColumn","service":"auth-service","severity":"ERROR","stack":"error: column \"ip\" does not exist\n    at C:\\Users\\mubas\\Music\\ex-drive\\backend\\auth-serive\\node_modules\\pg-pool\\index.js:45:11\n    at process.processTicksAndRejections (node:internal/process/task_queues:95:5)\n    at async CreatedSessionToken (file:///C:/Users/mubas/Music/ex-drive/backend/auth-serive/src/models/token-model.js:15:20)\n    at async OAuthCallBack (file:///C:/Users/mubas/Music/ex-drive/backend/auth-serive/src/controllers/user-controllers.js:39:23)"}
{"level":"info","message":"Server running on port 3002","service":"auth-service"}
{"level":"info","message":"Server running on port 3002","service":"auth-service"}
{"level":"info","message":"/api/auth/oauth/google?code=4%2F0AUJR-x6-H4VPVvLUTElBBXZa8PLphHEQ7u5Yni_VXJz7aEqNG7FDSJ2WOEXAkMqMp4vgrg&scope=email+profile+https%3A%2F%2Fwww.googleapis.com%2Fauth%2Fuserinfo.profile+https%3A%2F%2Fwww.googleapis.com%2Fauth%2Fuserinfo.email+openid&authuser=0&prompt=consent      --GET","service":"auth-service"}
{"code":"23505","constraint":"users_email_key","detail":"Key (email)=(musheeran165@gmail.com) already exists.","file":"nbtinsert.c","length":214,"level":"error","line":"673","message":"oauth google error duplicate key value violates unique constraint \"users_email_key\"","name":"error","routine":"_bt_check_unique","schema":"public","service":"auth-service","severity":"ERROR","stack":"error: duplicate key value violates unique constraint \"users_email_key\"\n    at C:\\Users\\mubas\\Music\\ex-drive\\backend\\auth-serive\\node_modules\\pg-pool\\index.js:45:11\n    at process.processTicksAndRejections (node:internal/process/task_queues:95:5)\n    at async CreateOAuthUser (file:///C:/Users/mubas/Music/ex-drive/backend/auth-serive/src/models/user-model.js:16:17)\n    at async OAuthCallBack (file:///C:/Users/mubas/Music/ex-drive/backend/auth-serive/src/controllers/user-controllers.js:31:24)","table":"users"}
{"level":"info","message":"Server running on port 3002","service":"auth-service"}
{"level":"info","message":"Server running on port 3002","service":"auth-service"}
{"level":"info","message":"Server running on port 3002","service":"auth-service"}
{"level":"info","message":"/api/auth/oauth/google?code=4%2F0AUJR-x75eZI2w8DShGpSAeeZsXgqxAlqhFeYPWW1XEk-mwte61BoghNhkt-rB41Em5zebg&scope=email+profile+https%3A%2F%2Fwww.googleapis.com%2Fauth%2Fuserinfo.profile+https%3A%2F%2Fwww.googleapis.com%2Fauth%2Fuserinfo.email+openid&authuser=0&prompt=consent      --GET","service":"auth-service"}
{"code":"42703","detail":"There is a column named \"ip\" in table \"session_token\", but it cannot be referenced from this part of the query.","file":"parse_relation.c","length":215,"level":"error","line":"3709","message":"oauth google error column \"ip\" does not exist","name":"error","position":"64","routine":"errorMissingColumn","service":"auth-service","severity":"ERROR","stack":"error: column \"ip\" does not exist\n    at C:\\Users\\mubas\\Music\\ex-drive\\backend\\auth-serive\\node_modules\\pg-pool\\index.js:45:11\n    at process.processTicksAndRejections (node:internal/process/task_queues:95:5)\n    at async CreatedSessionToken (file:///C:/Users/mubas/Music/ex-drive/backend/auth-serive/src/models/token-model.js:15:20)\n    at async OAuthCallBack (file:///C:/Users/mubas/Music/ex-drive/backend/auth-serive/src/controllers/user-controllers.js:39:23)"}
{"level":"info","message":"Server running on port 3002","service":"auth-service"}
{"level":"info","message":"Server running on port 3002","service":"auth-service"}
{"level":"info","message":"Server running on port 3002","service":"auth-service"}
{"level":"info","message":"/api/auth/oauth/google?code=4%2F0AUJR-x5xrtygva0u_5A9wdbKDlc6bSQuCgWf0g4SrjnQq_ZkkAi8Zfz2Gu40R5jd5Zb_ag&scope=email+profile+https%3A%2F%2Fwww.googleapis.com%2Fauth%2Fuserinfo.profile+https%3A%2F%2Fwww.googleapis.com%2Fauth%2Fuserinfo.email+openid&authuser=0&prompt=consent      --GET","service":"auth-service"}
{"code":"22P02","file":"numutils.c","length":146,"level":"error","line":"619","message":"oauth google error invalid input syntax for type integer: \"::1\"","name":"error","routine":"pg_strtoint32_safe","service":"auth-service","severity":"ERROR","stack":"error: invalid input syntax for type integer: \"::1\"\n    at C:\\Users\\mubas\\Music\\ex-drive\\backend\\auth-serive\\node_modules\\pg-pool\\index.js:45:11\n    at process.processTicksAndRejections (node:internal/process/task_queues:95:5)\n    at async CreatedSessionToken (file:///C:/Users/mubas/Music/ex-drive/backend/auth-serive/src/models/token-model.js:15:20)\n    at async OAuthCallBack (file:///C:/Users/mubas/Music/ex-drive/backend/auth-serive/src/controllers/user-controllers.js:39:23)","where":"unnamed portal parameter $2 = '...'"}
{"level":"info","message":"/api/auth/oauth/google?code=4%2F0AUJR-x6OKhhXqukS70naHMVDt17vs3GYbUnKvqnSG-rw2Fx-7vfHhlVh0QUh-ctNY2vL2Q&scope=email+profile+https%3A%2F%2Fwww.googleapis.com%2Fauth%2Fuserinfo.profile+https%3A%2F%2Fwww.googleapis.com%2Fauth%2Fuserinfo.email+openid&authuser=0&prompt=consent      --GET","service":"auth-service"}
{"level":"info","message":"Server running on port 3002","service":"auth-service"}
{"level":"info","message":"Server running on port 3002","service":"auth-service"}
{"level":"info","message":"Server running on port 3002","service":"auth-service"}
{"level":"info","message":"Server running on port 3002","service":"auth-service"}
{"level":"info","message":"Server running on port 3002","service":"auth-service"}
{"level":"info","message":"Server running on port 3002","service":"auth-service"}
{"level":"info","message":"Server running on port 3002","service":"auth-service"}
{"level":"info","message":"Server running on port 3002","service":"auth-service"}
{"level":"info","message":"Server running on port 3002","service":"auth-service"}
{"level":"info","message":"Server running on port 3002","service":"auth-service"}
{"level":"info","message":"Server running on port 3002","service":"auth-service"}
{"level":"info","message":"Server running on port 3002","service":"auth-service"}
{"level":"info","message":"Server running on port 3002","service":"auth-service"}
{"level":"info","message":"Server running on port 3002","service":"auth-service"}
{"level":"info","message":"Server running on port 3002","service":"auth-service"}
{"level":"info","message":"Server running on port 3002","service":"auth-service"}
{"level":"info","message":"Server running on port 3002","service":"auth-service"}
{"level":"info","message":"Server running on port 3002","service":"auth-service"}
{"level":"info","message":"Server running on port 3002","service":"auth-service"}
{"level":"info","message":"Server running on port 3002","service":"auth-service"}
{"level":"info","message":"Server running on port 3002","service":"auth-service"}
{"level":"info","message":"Server running on port 3002","service":"auth-service"}
{"level":"info","message":"Server running on port 3002","service":"auth-service"}
{"level":"info","message":"Server running on port 3002","service":"auth-service"}
{"level":"info","message":"Server running on port 3002","service":"auth-service"}
{"level":"info","message":"Server running on port 3002","service":"auth-service"}
{"level":"info","message":"Server running on port 3002","service":"auth-service"}
{"level":"info","message":"Server running on port 3002","service":"auth-service"}
{"level":"info","message":"Server running on port 3002","service":"auth-service"}
{"level":"info","message":"Server running on port 3002","service":"auth-service"}
{"level":"info","message":"Server running on port 3002","service":"auth-service"}
{"level":"info","message":"Server running on port 3002","service":"auth-service"}
{"level":"info","message":"Server running on port 3002","service":"auth-service"}
{"level":"info","message":"Server running on port 3002","service":"auth-service"}
{"level":"info","message":"Server running on port 3002","service":"auth-service"}
{"level":"info","message":"Server running on port 3002","service":"auth-service"}
{"level":"info","message":"Server running on port 3002","service":"auth-service"}
{"level":"info","message":"Server running on port 3002","service":"auth-service"}
{"level":"info","message":"Server running on port 3002","service":"auth-service"}
{"level":"info","message":"Server running on port 3002","service":"auth-service"}
{"level":"info","message":"Server running on port 3002","service":"auth-service"}
{"level":"info","message":"Server running on port 3002","service":"auth-service"}
{"level":"info","message":"Server running on port 3002","service":"auth-service"}
{"level":"info","message":"Server running on port 3002","service":"auth-service"}
{"level":"info","message":"Server running on port 3002","service":"auth-service"}
{"level":"info","message":"Server running on port 3002","service":"auth-service"}
{"level":"info","message":"Server running on port 3002","service":"auth-service"}
{"level":"info","message":"Server running on port 3002","service":"auth-service"}
{"level":"info","message":"Server running on port 3002","service":"auth-service"}
{"level":"info","message":"Server running on port 3002","service":"auth-service"}
{"level":"info","message":"Server running on port 3002","service":"auth-service"}
{"level":"info","message":"Server running on port 3002","service":"auth-service"}
{"level":"info","message":"Server running on port 3002","service":"auth-service"}
{"level":"info","message":"Server running on port 3002","service":"auth-service"}
{"level":"info","message":"Server running on port 3002","service":"auth-service"}
{"level":"info","message":"Server running on port 3002","service":"auth-service"}
{"level":"info","message":"Server running on port 3002","service":"auth-service"}
{"level":"info","message":"Server running on port 3002","service":"auth-service"}
{"level":"info","message":"Server running on port 3002","service":"auth-service"}
{"level":"info","message":"Server running on port 3002","service":"auth-service"}
{"level":"info","message":"Server running on port 3002","service":"auth-service"}
{"level":"info","message":"Server running on port 3002","service":"auth-service"}
{"level":"info","message":"Server running on port 3002","service":"auth-service"}
{"level":"info","message":"Server running on port 3002","service":"auth-service"}
{"level":"info","message":"Server running on port 3002","service":"auth-service"}
{"level":"info","message":"Server running on port 3002","service":"auth-service"}
{"level":"info","message":"Server running on port 3002","service":"auth-service"}
{"level":"info","message":"Server running on port 3002","service":"auth-service"}
{"level":"info","message":"Server running on port 3002","service":"auth-service"}
{"level":"info","message":"Server running on port 3002","service":"auth-service"}
{"level":"info","message":"Server running on port 3002","service":"auth-service"}
{"level":"info","message":"Server running on port 3002","service":"auth-service"}
{"level":"info","message":"Server running on port 3002","service":"auth-service"}
{"level":"info","message":"Server running on port 3002","service":"auth-service"}
{"level":"info","message":"Server running on port 3002","service":"auth-service"}
{"level":"info","message":"Server running on port 3002","service":"auth-service"}
{"level":"info","message":"Server running on port 3002","service":"auth-service"}
{"level":"info","message":"Server running on port 3002","service":"auth-service"}
{"level":"info","message":"Server running on port 3002","service":"auth-service"}
{"level":"info","message":"Server running on port 3002","service":"auth-service"}
{"level":"info","message":"Server running on port 3002","service":"auth-service"}
{"level":"info","message":"Server running on port 3002","service":"auth-service"}
{"level":"info","message":"Server running on port 3002","service":"auth-service"}
{"level":"info","message":"Server running on port 3002","service":"auth-service"}
{"level":"info","message":"Server running on port 3002","service":"auth-service"}
{"level":"info","message":"Server running on port 3002","service":"auth-service"}
{"level":"info","message":"Server running on port 3002","service":"auth-service"}
{"level":"info","message":"Server running on port 3002","service":"auth-service"}
{"level":"info","message":"Server running on port 3002","service":"auth-service"}
{"level":"info","message":"Server running on port 3002","service":"auth-service"}
{"level":"info","message":"Server running on port 3002","service":"auth-service"}
{"level":"info","message":"Server running on port 3002","service":"auth-service"}
{"level":"info","message":"Server running on port 3002","service":"auth-service"}
{"level":"info","message":"Server running on port 3002","service":"auth-service"}
{"level":"info","message":"Server running on port 3002","service":"auth-service"}
{"level":"info","message":"Server running on port 3002","service":"auth-service"}
{"level":"info","message":"Server running on port 3002","service":"auth-service"}
{"level":"info","message":"Server running on port 3002","service":"auth-service"}
{"level":"info","message":"Server running on port 3002","service":"auth-service"}
{"level":"info","message":"Server running on port 3002","service":"auth-service"}
{"level":"info","message":"Server running on port 3002","service":"auth-service"}
{"level":"info","message":"Server running on port 3002","service":"auth-service"}
{"level":"info","message":"Server running on port 3002","service":"auth-service"}
{"level":"info","message":"Server running on port 3002","service":"auth-service"}
{"level":"info","message":"Server running on port 3002","service":"auth-service"}
{"level":"info","message":"/      --GET","service":"auth-service"}
{"level":"info","message":"/api/auth/oauth/google?code=4%2F0AUJR-x6TpHcabHQbmY1fwLeBHLAjOCh5Q0aqhKvaqWUbvAVyIxCpuqwuh7m5hJLJDPs-0w&scope=email+profile+https%3A%2F%2Fwww.googleapis.com%2Fauth%2Fuserinfo.profile+https%3A%2F%2Fwww.googleapis.com%2Fauth%2Fuserinfo.email+openid&authuser=0&prompt=consent      --GET","service":"auth-service"}
{"level":"info","message":"Exisiting user login","service":"auth-service"}
{"level":"info","message":"/api/toke/verify-token      --GET","service":"auth-service"}
{"level":"info","message":"/api/toke/verify-token      --POST","service":"auth-service"}
{"level":"info","message":"/api/token/verify-token      --POST","service":"auth-service"}
{"level":"info","message":"Server running on port 3002","service":"auth-service"}
{"level":"info","message":"Server running on port 3002","service":"auth-service"}
{"level":"info","message":"/api/token/verify-token      --POST","service":"auth-service"}
{"level":"info","message":"Server running on port 3002","service":"auth-service"}
{"level":"info","message":"Server running on port 3002","service":"auth-service"}
{"level":"info","message":"Server running on port 3002","service":"auth-service"}
{"level":"info","message":"/api/token/verify-token      --POST","service":"auth-service"}
{"level":"info","message":"Server running on port 3002","service":"auth-service"}
{"level":"info","message":"Server running on port 3002","service":"auth-service"}
{"level":"info","message":"Server running on port 3002","service":"auth-service"}
{"level":"info","message":"Server running on port 3002","service":"auth-service"}
{"level":"info","message":"Server running on port 3002","service":"auth-service"}
{"level":"info","message":"/api/token/verify-token      --POST","service":"auth-service"}
{"level":"info","message":"Server running on port 3002","service":"auth-service"}
{"level":"info","message":"Server running on port 3002","service":"auth-service"}
{"level":"info","message":"/api/token/verify-token      --POST","service":"auth-service"}
{"level":"info","message":"Server running on port 3002","service":"auth-service"}
{"level":"info","message":"/api/token/verify-token      --POST","service":"auth-service"}
{"level":"info","message":"Server running on port 3002","service":"auth-service"}
{"level":"info","message":"/api/token/verify-token      --POST","service":"auth-service"}
{"level":"info","message":"Server running on port 3002","service":"auth-service"}
{"level":"info","message":"/api/token/verify-token      --POST","service":"auth-service"}
{"level":"info","message":"Server running on port 3002","service":"auth-service"}
{"level":"info","message":"/api/token/refresh-token      --POST","service":"auth-service"}
{"level":"info","message":"Server running on port 3002","service":"auth-service"}
{"level":"info","message":"Server running on port 3002","service":"auth-service"}
{"level":"info","message":"Server running on port 3002","service":"auth-service"}
{"level":"info","message":"/api/token/refresh-token      --POST","service":"auth-service"}
{"level":"info","message":"Server running on port 3002","service":"auth-service"}
{"level":"info","message":"Server running on port 3002","service":"auth-service"}
{"level":"info","message":"Server running on port 3002","service":"auth-service"}
{"level":"info","message":"Server running on port 3002","service":"auth-service"}
{"level":"info","message":"Server running on port 3002","service":"auth-service"}
{"level":"info","message":"Server running on port 3002","service":"auth-service"}
{"level":"info","message":"/api/token/refresh-token      --POST","service":"auth-service"}
{"level":"info","message":"Server running on port 3002","service":"auth-service"}
{"level":"info","message":"Server running on port 3002","service":"auth-service"}
{"level":"info","message":"/api/token/refresh-token      --POST","service":"auth-service"}
{"level":"info","message":"Server running on port 3002","service":"auth-service"}
{"level":"info","message":"Server running on port 3002","service":"auth-service"}
{"level":"info","message":"Server running on port 3002","service":"auth-service"}
{"level":"info","message":"/api/auth/oauth/google      --POST","service":"auth-service"}
{"level":"info","message":"/api/auth/oauth/google      --GET","service":"auth-service"}
{"level":"info","message":"/      --GET","service":"auth-service"}
{"level":"info","message":"Server running on port 3002","service":"auth-service"}
{"level":"info","message":"Server running on port 3002","service":"auth-service"}
{"level":"info","message":"Server running on port 3002","service":"auth-service"}
{"level":"info","message":"Server running on port 3002","service":"auth-service"}
{"level":"info","message":"Server running on port 3002","service":"auth-service"}
{"level":"info","message":"Server running on port 3002","service":"auth-service"}
{"level":"info","message":"Server running on port 3002","service":"auth-service"}
{"level":"info","message":"Server running on port 3002","service":"auth-service"}
{"level":"info","message":"Server running on port 3002","service":"auth-service"}
{"level":"info","message":"Server running on port 3002","service":"auth-service"}
{"level":"info","message":"Server running on port 3002","service":"auth-service"}
{"level":"info","message":"Server running on port 3002","service":"auth-service"}
{"level":"info","message":"Server running on port 3002","service":"auth-service"}
{"level":"info","message":"Server running on port 3002","service":"auth-service"}
{"level":"info","message":"Server running on port 3002","service":"auth-service"}
{"level":"info","message":"Server running on port 3002","service":"auth-service"}
{"level":"info","message":"Server running on port 3002","service":"auth-service"}
{"level":"info","message":"Server running on port 3002","service":"auth-service"}
{"level":"info","message":"Server running on port 3002","service":"auth-service"}
{"level":"info","message":"Server running on port 3002","service":"auth-service"}
{"level":"info","message":"Server running on port 3002","service":"auth-service"}
{"level":"info","message":"Server running on port 3002","service":"auth-service"}
{"level":"info","message":"Server running on port 3002","service":"auth-service"}
{"level":"info","message":"Server running on port 3002","service":"auth-service"}
{"level":"info","message":"Server running on port 3002","service":"auth-service"}
{"level":"info","message":"Server running on port 3002","service":"auth-service"}
{"level":"info","message":"Server running on port 3002","service":"auth-service"}
{"level":"info","message":"Server running on port 3002","service":"auth-service"}
{"level":"info","message":"Server running on port 3002","service":"auth-service"}
{"level":"info","message":"Server running on port 3002","service":"auth-service"}
{"level":"info","message":"Server running on port 3002","service":"auth-service"}
{"level":"info","message":"Server running on port 3002","service":"auth-service"}
{"level":"info","message":"/api/auth/refresh-token      --POST","service":"auth-service"}
{"level":"info","message":"/api/token/refresh-token      --POST","service":"auth-service"}
{"level":"info","message":"Server running on port 3002","service":"auth-service"}
{"level":"info","message":"/api/token/refresh-token      --POST","service":"auth-service"}
{"level":"info","message":"/api/token/delete      --DELETE","service":"auth-service"}
{"level":"info","message":"Server running on port 3002","service":"auth-service"}
{"level":"info","message":"Server running on port 3002","service":"auth-service"}
{"level":"info","message":"/api/token/delete      --DELETE","service":"auth-service"}
{"level":"info","message":"Server running on port 3002","service":"auth-service"}
{"level":"info","message":"/api/token/delete      --DELETE","service":"auth-service"}
{"level":"info","message":"/api/token/verify      --DELETE","service":"auth-service"}
{"level":"info","message":"/api/token/verify      --POST","service":"auth-service"}
{"level":"info","message":"Server running on port 3002","service":"auth-service"}
{"level":"info","message":"Server running on port 3002","service":"auth-service"}
{"level":"info","message":"/api/token/verify      --POST","service":"auth-service"}
{"level":"info","message":"Server running on port 3002","service":"auth-service"}
{"level":"info","message":"Server running on port 3002","service":"auth-service"}
{"level":"info","message":"/api/token/verify      --POST","service":"auth-service"}
{"level":"info","message":"Server running on port 3002","service":"auth-service"}
{"level":"info","message":"Server running on port 3002","service":"auth-service"}
{"level":"info","message":"Server running on port 3002","service":"auth-service"}
{"level":"info","message":"Server running on port 3002","service":"auth-service"}
{"level":"info","message":"/api/token/verify      --GET","service":"auth-service"}
{"level":"info","message":"/      --POST","service":"auth-service"}
{"level":"info","message":"Server running on port 3002","service":"auth-service"}
{"level":"info","message":"/      --POST","service":"auth-service"}
{"level":"info","message":"/      --GET","service":"auth-service"}
{"level":"info","message":"/api/token/verify      --POST","service":"auth-service"}
{"level":"info","message":"/      --POST","service":"auth-service"}
{"level":"info","message":"/      --GET","service":"auth-service"}
{"level":"info","message":"/favicon.ico      --GET","service":"auth-service"}
{"level":"info","message":"/api/auth/oauth/google?code=4%2F0AUJR-x6mAPRwyC1xQLHMskyg8LPMPZJWhxNubaAq2znQKGDE3MDMQXUFrq4w9XuQrGF-rQ&scope=email+profile+https%3A%2F%2Fwww.googleapis.com%2Fauth%2Fuserinfo.profile+https%3A%2F%2Fwww.googleapis.com%2Fauth%2Fuserinfo.email+openid&authuser=0&prompt=consent      --GET","service":"auth-service"}
{"level":"info","message":"/api/token/verify      --GET","service":"auth-service"}
{"level":"info","message":"/api/token/verify      --GET","service":"auth-service"}
{"level":"info","message":"/api/token/verify      --GET","service":"auth-service"}
{"level":"info","message":"/api/token/verify      --GET","service":"auth-service"}
{"level":"info","message":"/api/token/verify      --POST","service":"auth-service"}
{"level":"info","message":"/api/token/verify      --GET","service":"auth-service"}
{"level":"info","message":"/api/token/verify      --GET","service":"auth-service"}
{"level":"info","message":"/api/token/verify      --POST","service":"auth-service"}
{"level":"info","message":"/api/token/verify      --POST","service":"auth-service"}
{"level":"info","message":"/api/token/verify      --POST","service":"auth-service"}
{"level":"info","message":"/api/token/verify      --POST","service":"auth-service"}
{"level":"info","message":"/api/token/verify      --POST","service":"auth-service"}
{"level":"info","message":"/api/token/verify      --POST","service":"auth-service"}
{"level":"info","message":"/api/token/verify      --POST","service":"auth-service"}
{"level":"info","message":"/api/token/verify      --POST","service":"auth-service"}
{"level":"info","message":"/api/token/verify      --POST","service":"auth-service"}
{"level":"info","message":"/api/token/verify      --POST","service":"auth-service"}
{"level":"info","message":"/api/token/verify      --POST","service":"auth-service"}
{"level":"info","message":"/api/token/verify      --POST","service":"auth-service"}
{"level":"info","message":"/api/token/verify      --POST","service":"auth-service"}
{"level":"info","message":"/api/token/verify      --POST","service":"auth-service"}
{"level":"info","message":"/api/token/verify      --POST","service":"auth-service"}
{"level":"info","message":"/api/token/verify      --POST","service":"auth-service"}
{"level":"info","message":"/api/token/verify      --POST","service":"auth-service"}
{"level":"info","message":"/api/token/verify      --POST","service":"auth-service"}
{"level":"info","message":"/api/token/verify      --POST","service":"auth-service"}
{"level":"info","message":"/api/token/verify      --POST","service":"auth-service"}
{"level":"info","message":"/api/token/verify      --POST","service":"auth-service"}
{"level":"info","message":"/api/token/verify      --POST","service":"auth-service"}
{"level":"info","message":"/api/token/verify      --POST","service":"auth-service"}
{"level":"info","message":"/api/token/verify      --POST","service":"auth-service"}
{"level":"info","message":"/api/token/verify      --POST","service":"auth-service"}
{"level":"info","message":"/api/token/verify      --POST","service":"auth-service"}
{"level":"info","message":"/api/token/verify      --POST","service":"auth-service"}
{"level":"info","message":"/api/token/verify      --POST","service":"auth-service"}
{"level":"info","message":"/api/token/verify      --POST","service":"auth-service"}
{"level":"info","message":"/api/token/verify      --POST","service":"auth-service"}
{"level":"info","message":"/api/token/verify      --POST","service":"auth-service"}
{"level":"info","message":"/api/token/verify      --POST","service":"auth-service"}
{"level":"info","message":"/api/token/verify      --POST","service":"auth-service"}
{"level":"info","message":"/api/token/verify      --POST","service":"auth-service"}
{"level":"info","message":"/api/token/verify      --POST","service":"auth-service"}
{"level":"info","message":"/api/token/verify      --POST","service":"auth-service"}
{"level":"info","message":"/api/token/verify      --POST","service":"auth-service"}
{"level":"info","message":"/api/token/verify      --POST","service":"auth-service"}
{"level":"info","message":"/api/token/verify      --POST","service":"auth-service"}
{"level":"info","message":"/api/token/verify      --POST","service":"auth-service"}
{"level":"info","message":"/api/token/verify      --POST","service":"auth-service"}
{"level":"info","message":"/api/token/verify      --POST","service":"auth-service"}
{"level":"info","message":"/api/token/verify      --POST","service":"auth-service"}
{"level":"info","message":"/api/token/verify      --POST","service":"auth-service"}
{"level":"info","message":"Server running on port 3002","service":"auth-service"}
{"level":"info","message":"Server running on port 3002","service":"auth-service"}
{"level":"info","message":"/api/token/verify      --POST","service":"auth-service"}
{"level":"info","message":"/api/token/verify      --POST","service":"auth-service"}
{"level":"info","message":"/api/token/verify      --POST","service":"auth-service"}
{"level":"info","message":"/api/token/verify      --POST","service":"auth-service"}
{"level":"info","message":"/api/token/verify      --POST","service":"auth-service"}
{"level":"info","message":"/api/token/verify      --POST","service":"auth-service"}
{"level":"info","message":"/api/token/verify      --POST","service":"auth-service"}
{"level":"info","message":"/api/token/verify      --POST","service":"auth-service"}
{"level":"info","message":"/api/token/verify      --POST","service":"auth-service"}
{"level":"info","message":"Server running on port 3002","service":"auth-service"}
{"level":"info","message":"/api/auth      --POST","service":"auth-service"}
{"level":"info","message":"/api/auth      --GET","service":"auth-service"}
{"level":"info","message":"/api/auth//oauth/google      --GET","service":"auth-service"}
{"level":"info","message":"/api/auth/oauth/google      --GET","service":"auth-service"}
{"level":"info","message":"/api/auth/      --GET","service":"auth-service"}
{"level":"info","message":"/api/auth/      --GET","service":"auth-service"}
{"level":"info","message":"Server running on port 3002","service":"auth-service"}
{"level":"info","message":"/api/auth/      --GET","service":"auth-service"}
{"level":"info","message":"/api/token      --GET","service":"auth-service"}
{"level":"info","message":"/api/token/verify      --POST","service":"auth-service"}
{"level":"info","message":"Server running on port 3002","service":"auth-service"}
